Mono path[0] = 'C:/UnityProjects/Powor/Build/Powor_Data/Managed'
Mono config path = 'C:/UnityProjects/Powor/Build/MonoBleedingEdge/etc'
Input System module state changed to: Initialized.
[Physics::Module] Initialized fallback backend.
[Physics::Module] Id: 0xdecafbad
Initialize engine version: 6000.0.43f1 (97272b72f107)
[Subsystems] Discovering subsystems at path C:/UnityProjects/Powor/Build/Powor_Data/UnitySubsystems
Forcing GfxDevice: Null
GfxDevice: creating device client; kGfxThreadingModeNonThreaded
NullGfxDevice:
    Version:  NULL 1.0 [1.0]
    Renderer: Null Device
    Vendor:   Unity Technologies
Begin MonoManager ReloadAssembly
- Loaded All Assemblies, in  0.115 seconds
- Finished resetting the current domain, in  0.003 seconds
[Physics::Module] Selected backend.
[Physics::Module] Name: PhysX
[Physics::Module] Id: 0xf2b8ea05
[Physics::Module] SDK Version: 4.1.2
[Physics::Module] Integration Version: 1.0.0
[Physics::Module] Threading Mode: Multi-Threaded
ERROR: Shader Hidden/Universal Render Pipeline/LutBuilderLdr shader is not supported on this GPU (none of subshaders/fallbacks are suitable)
ERROR: Shader Hidden/Universal Render Pipeline/CameraMotionBlur shader is not supported on this GPU (none of subshaders/fallbacks are suitable)
ERROR: Shader Hidden/TerrainEngine/Details/UniversalPipeline/BillboardWavingDoublePass shader is not supported on this GPU (none of subshaders/fallbacks are suitable)
ERROR: Shader Hidden/Universal Render Pipeline/TemporalAA shader is not supported on this GPU (none of subshaders/fallbacks are suitable)
ERROR: Shader Hidden/Universal Render Pipeline/Scaling Setup shader is not supported on this GPU (none of subshaders/fallbacks are suitable)
ERROR: Shader Hidden/CoreSRP/CoreCopy shader is not supported on this GPU (none of subshaders/fallbacks are suitable)
WARNING: Shader Unsupported: 'Hidden/Universal Render Pipeline/FallbackError' - All subshaders removed
WARNING: Shader Did you use #pragma only_renderers and omit this platform?
WARNING: Shader If subshaders removal was intentional, you may have forgotten turning Fallback off?
ERROR: Shader Hidden/Universal Render Pipeline/FallbackError shader is not supported on this GPU (none of subshaders/fallbacks are suitable)
WARNING: Shader Unsupported: 'Hidden/Universal Render Pipeline/FallbackError' - All subshaders removed
WARNING: Shader Did you use #pragma only_renderers and omit this platform?
WARNING: Shader If subshaders removal was intentional, you may have forgotten turning Fallback off?
WARNING: Shader Unsupported: 'Hidden/Universal Render Pipeline/StencilDeferred' - All subshaders removed
WARNING: Shader Did you use #pragma only_renderers and omit this platform?
WARNING: Shader If subshaders removal was intentional, you may have forgotten turning Fallback off?
WARNING: Shader Unsupported: 'Hidden/Universal Render Pipeline/StencilDeferred' - All subshaders removed
WARNING: Shader Did you use #pragma only_renderers and omit this platform?
WARNING: Shader If subshaders removal was intentional, you may have forgotten turning Fallback off?
ERROR: Shader Hidden/TerrainEngine/Details/UniversalPipeline/Vertexlit shader is not supported on this GPU (none of subshaders/fallbacks are suitable)
ERROR: Shader Hidden/Universal Render Pipeline/GaussianDepthOfField shader is not supported on this GPU (none of subshaders/fallbacks are suitable)
ERROR: Shader Hidden/Universal Render Pipeline/Debug/DebugReplacement shader is not supported on this GPU (none of subshaders/fallbacks are suitable)
ERROR: Shader Hidden/Universal Render Pipeline/LutBuilderHdr shader is not supported on this GPU (none of subshaders/fallbacks are suitable)
ERROR: Shader Hidden/Universal Render Pipeline/Sampling shader is not supported on this GPU (none of subshaders/fallbacks are suitable)
ERROR: Shader Hidden/Universal Render Pipeline/LensFlareDataDriven shader is not supported on this GPU (none of subshaders/fallbacks are suitable)
ERROR: Shader Hidden/Universal Render Pipeline/CameraMotionVectors shader is not supported on this GPU (none of subshaders/fallbacks are suitable)
ERROR: Shader Hidden/Universal Render Pipeline/UberPost shader is not supported on this GPU (none of subshaders/fallbacks are suitable)
ERROR: Shader Hidden/Universal Render Pipeline/Bloom shader is not supported on this GPU (none of subshaders/fallbacks are suitable)
ERROR: Shader Hidden/Universal Render Pipeline/BokehDepthOfField shader is not supported on this GPU (none of subshaders/fallbacks are suitable)
ERROR: Shader Hidden/Universal Render Pipeline/FinalPost shader is not supported on this GPU (none of subshaders/fallbacks are suitable)
ERROR: Shader Hidden/Universal Render Pipeline/CopyDepth shader is not supported on this GPU (none of subshaders/fallbacks are suitable)
ERROR: Shader Hidden/Universal Render Pipeline/SubpixelMorphologicalAntialiasing shader is not supported on this GPU (none of subshaders/fallbacks are suitable)
ERROR: Shader Hidden/Universal Render Pipeline/ScreenSpaceAmbientOcclusion shader is not supported on this GPU (none of subshaders/fallbacks are suitable)
ERROR: Shader Hidden/Universal Render Pipeline/Stop NaN shader is not supported on this GPU (none of subshaders/fallbacks are suitable)
ERROR: Shader Hidden/Universal/HDRDebugView shader is not supported on this GPU (none of subshaders/fallbacks are suitable)
ERROR: Shader Hidden/Universal Render Pipeline/LensFlareScreenSpace shader is not supported on this GPU (none of subshaders/fallbacks are suitable)
ERROR: Shader Hidden/TerrainEngine/Details/UniversalPipeline/WavingDoublePass shader is not supported on this GPU (none of subshaders/fallbacks are suitable)
ERROR: Shader Hidden/Universal Render Pipeline/PaniniProjection shader is not supported on this GPU (none of subshaders/fallbacks are suitable)
ERROR: Shader Sprites/Default shader is not supported on this GPU (none of subshaders/fallbacks are suitable)
Microsoft Media Foundation video decoding to texture disabled: graphics device is Null, only Direct3D 11 and Direct3D 12 (only on desktop) are supported for hardware-accelerated video decoding.
ERROR: Shader Sprites/Mask shader is not supported on this GPU (none of subshaders/fallbacks are suitable)
WARNING: Shader Unsupported: 'Universal Render Pipeline/Lit' - All subshaders removed
WARNING: Shader Did you use #pragma only_renderers and omit this platform?
WARNING: Shader If subshaders removal was intentional, you may have forgotten turning Fallback off?
ERROR: Shader Universal Render Pipeline/Lit shader is not supported on this GPU (none of subshaders/fallbacks are suitable)
WARNING: Shader Unsupported: 'Universal Render Pipeline/Lit' - All subshaders removed
WARNING: Shader Did you use #pragma only_renderers and omit this platform?
WARNING: Shader If subshaders removal was intentional, you may have forgotten turning Fallback off?
WARNING: Shader Unsupported: 'Hidden/Universal Render Pipeline/Terrain/Lit (Add Pass)' - All subshaders removed
WARNING: Shader Did you use #pragma only_renderers and omit this platform?
WARNING: Shader If subshaders removal was intentional, you may have forgotten turning Fallback off?
ERROR: Shader Hidden/Universal Render Pipeline/Terrain/Lit (Add Pass) shader is not supported on this GPU (none of subshaders/fallbacks are suitable)
WARNING: Shader Unsupported: 'Hidden/Universal Render Pipeline/Terrain/Lit (Add Pass)' - All subshaders removed
WARNING: Shader Did you use #pragma only_renderers and omit this platform?
WARNING: Shader If subshaders removal was intentional, you may have forgotten turning Fallback off?
ERROR: Shader Legacy Shaders/Particles/Additive (Soft) shader is not supported on this GPU (none of subshaders/fallbacks are suitable)
WARNING: Shader Unsupported: 'Hidden/Universal Render Pipeline/Terrain/Lit (Base Pass)' - All subshaders removed
WARNING: Shader Did you use #pragma only_renderers and omit this platform?
WARNING: Shader If subshaders removal was intentional, you may have forgotten turning Fallback off?
ERROR: Shader Hidden/Universal Render Pipeline/Terrain/Lit (Base Pass) shader is not supported on this GPU (none of subshaders/fallbacks are suitable)
WARNING: Shader Unsupported: 'Hidden/Universal Render Pipeline/Terrain/Lit (Base Pass)' - All subshaders removed
WARNING: Shader Did you use #pragma only_renderers and omit this platform?
WARNING: Shader If subshaders removal was intentional, you may have forgotten turning Fallback off?
ERROR: Shader Hidden/Universal Render Pipeline/Terrain/Lit (Basemap Gen) shader is not supported on this GPU (none of subshaders/fallbacks are suitable)
WARNING: Shader Unsupported: 'Universal Render Pipeline/Terrain/Lit' - All subshaders removed
WARNING: Shader Did you use #pragma only_renderers and omit this platform?
WARNING: Shader If subshaders removal was intentional, you may have forgotten turning Fallback off?
ERROR: Shader Universal Render Pipeline/Terrain/Lit shader is not supported on this GPU (none of subshaders/fallbacks are suitable)
WARNING: Shader Unsupported: 'Universal Render Pipeline/Terrain/Lit' - All subshaders removed
WARNING: Shader Did you use #pragma only_renderers and omit this platform?
WARNING: Shader If subshaders removal was intentional, you may have forgotten turning Fallback off?
ERROR: Shader GUI/Text Shader shader is not supported on this GPU (none of subshaders/fallbacks are suitable)
ERROR: Shader TextMeshPro/Mobile/Distance Field shader is not supported on this GPU (none of subshaders/fallbacks are suitable)
UnloadTime: 0.411100 ms
Registered Communicator in Agent.
Component: InputActivationComponent 
 JSON data: {"activationDelay":0.0,"inputAction":{"instanceID":8512}}
Component: StraightProjectile 
 JSON data: {"activationDelay":0.0,"projectilePrefab":{"instanceID":8430},"projectileSpeed":15.0,"projectileDamage":0,"projectileLifeTime":1000.0,"weaponMaxAmmo":30,"reloadTime":1.0,"fireRate":240.0,"currentAmmo":30,"reloadAction":{"instanceID":0}}
Applied upgrade: Base weapon
Component: InputActivationComponent 
 JSON data: {"activationDelay":0.0,"inputAction":{"instanceID":0}}
Component: StraightProjectile 
 JSON data: {"activationDelay":0.0,"projectilePrefab":{"instanceID":8432},"projectileSpeed":15.0,"projectileDamage":0,"projectileLifeTime":1000.0,"weaponMaxAmmo":30,"reloadTime":1.0,"fireRate":240.0,"currentAmmo":30,"reloadAction":{"instanceID":0}}
Applied upgrade: Base weapon
ERROR: Shader TextMeshPro/Sprite shader is not supported on this GPU (none of subshaders/fallbacks are suitable)
NullReferenceException: Object reference not set to an instance of an object.
  at UnityEngine.Bindings.ThrowHelper.ThrowNullReferenceException (System.Object obj) [0x00018] in <6869b1608d104370ab4484f8f699b3fc>:0 
  at UnityEngine.Transform.get_position () [0x00006] in <6869b1608d104370ab4484f8f699b3fc>:0 
  at AIPlayerAgent.CollectObservations (Unity.MLAgents.Sensors.VectorSensor sensor) [0x0017f] in <dea5c900af994c378b72385dedf01688>:0 
  at Unity.MLAgents.Agent.NotifyAgentDone (Unity.MLAgents.Agent+DoneReason doneReason) [0x0007f] in <67f1ccaba5714c0a9cce475e92d92d44>:0 
  at Unity.MLAgents.Agent.EndEpisodeAndReset (Unity.MLAgents.Agent+DoneReason reason) [0x00000] in <67f1ccaba5714c0a9cce475e92d92d44>:0 
  at Unity.MLAgents.Agent.EndEpisode () [0x00000] in <67f1ccaba5714c0a9cce475e92d92d44>:0 
  at AIPlayerAgent.FixedUpdate () [0x00021] in <dea5c900af994c378b72385dedf01688>:0 

NullReferenceException: Object reference not set to an instance of an object.
  at UnityEngine.Bindings.ThrowHelper.ThrowNullReferenceException (System.Object obj) [0x00018] in <6869b1608d104370ab4484f8f699b3fc>:0 
  at UnityEngine.Transform.get_position () [0x00006] in <6869b1608d104370ab4484f8f699b3fc>:0 
  at AIPlayerAgent.CollectObservations (Unity.MLAgents.Sensors.VectorSensor sensor) [0x0017f] in <dea5c900af994c378b72385dedf01688>:0 
  at Unity.MLAgents.Agent.NotifyAgentDone (Unity.MLAgents.Agent+DoneReason doneReason) [0x0007f] in <67f1ccaba5714c0a9cce475e92d92d44>:0 
  at Unity.MLAgents.Agent.EndEpisodeAndReset (Unity.MLAgents.Agent+DoneReason reason) [0x00000] in <67f1ccaba5714c0a9cce475e92d92d44>:0 
  at Unity.MLAgents.Agent.EndEpisode () [0x00000] in <67f1ccaba5714c0a9cce475e92d92d44>:0 
  at AIPlayerAgent.FixedUpdate () [0x00021] in <dea5c900af994c378b72385dedf01688>:0 

NullReferenceException: Object reference not set to an instance of an object.
  at UnityEngine.Bindings.ThrowHelper.ThrowNullReferenceException (System.Object obj) [0x00018] in <6869b1608d104370ab4484f8f699b3fc>:0 
  at UnityEngine.Transform.get_position () [0x00006] in <6869b1608d104370ab4484f8f699b3fc>:0 
  at AIPlayerAgent.CollectObservations (Unity.MLAgents.Sensors.VectorSensor sensor) [0x0017f] in <dea5c900af994c378b72385dedf01688>:0 
  at Unity.MLAgents.Agent.NotifyAgentDone (Unity.MLAgents.Agent+DoneReason doneReason) [0x0007f] in <67f1ccaba5714c0a9cce475e92d92d44>:0 
  at Unity.MLAgents.Agent.EndEpisodeAndReset (Unity.MLAgents.Agent+DoneReason reason) [0x00000] in <67f1ccaba5714c0a9cce475e92d92d44>:0 
  at Unity.MLAgents.Agent.EndEpisode () [0x00000] in <67f1ccaba5714c0a9cce475e92d92d44>:0 
  at AIPlayerAgent.FixedUpdate () [0x00021] in <dea5c900af994c378b72385dedf01688>:0 

NullReferenceException: Object reference not set to an instance of an object.
  at UnityEngine.Bindings.ThrowHelper.ThrowNullReferenceException (System.Object obj) [0x00018] in <6869b1608d104370ab4484f8f699b3fc>:0 
  at UnityEngine.Transform.get_position () [0x00006] in <6869b1608d104370ab4484f8f699b3fc>:0 
  at AIPlayerAgent.CollectObservations (Unity.MLAgents.Sensors.VectorSensor sensor) [0x0017f] in <dea5c900af994c378b72385dedf01688>:0 
  at Unity.MLAgents.Agent.NotifyAgentDone (Unity.MLAgents.Agent+DoneReason doneReason) [0x0007f] in <67f1ccaba5714c0a9cce475e92d92d44>:0 
  at Unity.MLAgents.Agent.EndEpisodeAndReset (Unity.MLAgents.Agent+DoneReason reason) [0x00000] in <67f1ccaba5714c0a9cce475e92d92d44>:0 
  at Unity.MLAgents.Agent.EndEpisode () [0x00000] in <67f1ccaba5714c0a9cce475e92d92d44>:0 
  at AIPlayerAgent.FixedUpdate () [0x00021] in <dea5c900af994c378b72385dedf01688>:0 

NullReferenceException: Object reference not set to an instance of an object.
  at UnityEngine.Bindings.ThrowHelper.ThrowNullReferenceException (System.Object obj) [0x00018] in <6869b1608d104370ab4484f8f699b3fc>:0 
  at UnityEngine.Transform.get_position () [0x00006] in <6869b1608d104370ab4484f8f699b3fc>:0 
  at AIPlayerAgent.CollectObservations (Unity.MLAgents.Sensors.VectorSensor sensor) [0x0017f] in <dea5c900af994c378b72385dedf01688>:0 
  at Unity.MLAgents.Agent.SendInfoToBrain () [0x0006e] in <67f1ccaba5714c0a9cce475e92d92d44>:0 
  at Unity.MLAgents.Agent.SendInfo () [0x00008] in <67f1ccaba5714c0a9cce475e92d92d44>:0 
  at (wrapper delegate-invoke) <Module>.invoke_void()
  at Unity.MLAgents.Academy.EnvironmentStep () [0x00078] in <67f1ccaba5714c0a9cce475e92d92d44>:0 
  at Unity.MLAgents.AcademyFixedUpdateStepper.FixedUpdate () [0x00025] in <67f1ccaba5714c0a9cce475e92d92d44>:0 

NullReferenceException: Object reference not set to an instance of an object.
  at UnityEngine.Bindings.ThrowHelper.ThrowNullReferenceException (System.Object obj) [0x00018] in <6869b1608d104370ab4484f8f699b3fc>:0 
  at UnityEngine.Transform.get_position () [0x00006] in <6869b1608d104370ab4484f8f699b3fc>:0 
  at AIPlayerAgent.CollectObservations (Unity.MLAgents.Sensors.VectorSensor sensor) [0x0017f] in <dea5c900af994c378b72385dedf01688>:0 
  at Unity.MLAgents.Agent.NotifyAgentDone (Unity.MLAgents.Agent+DoneReason doneReason) [0x0007f] in <67f1ccaba5714c0a9cce475e92d92d44>:0 
  at Unity.MLAgents.Agent.EndEpisodeAndReset (Unity.MLAgents.Agent+DoneReason reason) [0x00000] in <67f1ccaba5714c0a9cce475e92d92d44>:0 
  at Unity.MLAgents.Agent.EndEpisode () [0x00000] in <67f1ccaba5714c0a9cce475e92d92d44>:0 
  at AIPlayerAgent.FixedUpdate () [0x00021] in <dea5c900af994c378b72385dedf01688>:0 

NullReferenceException: Object reference not set to an instance of an object.
  at UnityEngine.Bindings.ThrowHelper.ThrowNullReferenceException (System.Object obj) [0x00018] in <6869b1608d104370ab4484f8f699b3fc>:0 
  at UnityEngine.Transform.get_position () [0x00006] in <6869b1608d104370ab4484f8f699b3fc>:0 
  at AIPlayerAgent.CollectObservations (Unity.MLAgents.Sensors.VectorSensor sensor) [0x0017f] in <dea5c900af994c378b72385dedf01688>:0 
  at Unity.MLAgents.Agent.NotifyAgentDone (Unity.MLAgents.Agent+DoneReason doneReason) [0x0007f] in <67f1ccaba5714c0a9cce475e92d92d44>:0 
  at Unity.MLAgents.Agent.EndEpisodeAndReset (Unity.MLAgents.Agent+DoneReason reason) [0x00000] in <67f1ccaba5714c0a9cce475e92d92d44>:0 
  at Unity.MLAgents.Agent.EndEpisode () [0x00000] in <67f1ccaba5714c0a9cce475e92d92d44>:0 
  at AIPlayerAgent.FixedUpdate () [0x00021] in <dea5c900af994c378b72385dedf01688>:0 

NullReferenceException: Object reference not set to an instance of an object.
  at UnityEngine.Bindings.ThrowHelper.ThrowNullReferenceException (System.Object obj) [0x00018] in <6869b1608d104370ab4484f8f699b3fc>:0 
  at UnityEngine.Transform.get_position () [0x00006] in <6869b1608d104370ab4484f8f699b3fc>:0 
  at AIPlayerAgent.CollectObservations (Unity.MLAgents.Sensors.VectorSensor sensor) [0x0017f] in <dea5c900af994c378b72385dedf01688>:0 
  at Unity.MLAgents.Agent.SendInfoToBrain () [0x0006e] in <67f1ccaba5714c0a9cce475e92d92d44>:0 
  at Unity.MLAgents.Agent.SendInfo () [0x00008] in <67f1ccaba5714c0a9cce475e92d92d44>:0 
  at (wrapper delegate-invoke) <Module>.invoke_void()
  at Unity.MLAgents.Academy.EnvironmentStep () [0x00078] in <67f1ccaba5714c0a9cce475e92d92d44>:0 
  at Unity.MLAgents.AcademyFixedUpdateStepper.FixedUpdate () [0x00025] in <67f1ccaba5714c0a9cce475e92d92d44>:0 

NullReferenceException: Object reference not set to an instance of an object.
  at UnityEngine.Bindings.ThrowHelper.ThrowNullReferenceException (System.Object obj) [0x00018] in <6869b1608d104370ab4484f8f699b3fc>:0 
  at UnityEngine.Transform.get_position () [0x00006] in <6869b1608d104370ab4484f8f699b3fc>:0 
  at AIPlayerAgent.CollectObservations (Unity.MLAgents.Sensors.VectorSensor sensor) [0x0017f] in <dea5c900af994c378b72385dedf01688>:0 
  at Unity.MLAgents.Agent.NotifyAgentDone (Unity.MLAgents.Agent+DoneReason doneReason) [0x0007f] in <67f1ccaba5714c0a9cce475e92d92d44>:0 
  at Unity.MLAgents.Agent.EndEpisodeAndReset (Unity.MLAgents.Agent+DoneReason reason) [0x00000] in <67f1ccaba5714c0a9cce475e92d92d44>:0 
  at Unity.MLAgents.Agent.EndEpisode () [0x00000] in <67f1ccaba5714c0a9cce475e92d92d44>:0 
  at AIPlayerAgent.FixedUpdate () [0x00021] in <dea5c900af994c378b72385dedf01688>:0 

NullReferenceException: Object reference not set to an instance of an object.
  at UnityEngine.Bindings.ThrowHelper.ThrowNullReferenceException (System.Object obj) [0x00018] in <6869b1608d104370ab4484f8f699b3fc>:0 
  at UnityEngine.Transform.get_position () [0x00006] in <6869b1608d104370ab4484f8f699b3fc>:0 
  at AIPlayerAgent.CollectObservations (Unity.MLAgents.Sensors.VectorSensor sensor) [0x0017f] in <dea5c900af994c378b72385dedf01688>:0 
  at Unity.MLAgents.Agent.NotifyAgentDone (Unity.MLAgents.Agent+DoneReason doneReason) [0x0007f] in <67f1ccaba5714c0a9cce475e92d92d44>:0 
  at Unity.MLAgents.Agent.EndEpisodeAndReset (Unity.MLAgents.Agent+DoneReason reason) [0x00000] in <67f1ccaba5714c0a9cce475e92d92d44>:0 
  at Unity.MLAgents.Agent.EndEpisode () [0x00000] in <67f1ccaba5714c0a9cce475e92d92d44>:0 
  at AIPlayerAgent.FixedUpdate () [0x00021] in <dea5c900af994c378b72385dedf01688>:0 

NullReferenceException: Object reference not set to an instance of an object.
  at UnityEngine.Bindings.ThrowHelper.ThrowNullReferenceException (System.Object obj) [0x00018] in <6869b1608d104370ab4484f8f699b3fc>:0 
  at UnityEngine.Transform.get_position () [0x00006] in <6869b1608d104370ab4484f8f699b3fc>:0 
  at AIPlayerAgent.CollectObservations (Unity.MLAgents.Sensors.VectorSensor sensor) [0x0017f] in <dea5c900af994c378b72385dedf01688>:0 
  at Unity.MLAgents.Agent.NotifyAgentDone (Unity.MLAgents.Agent+DoneReason doneReason) [0x0007f] in <67f1ccaba5714c0a9cce475e92d92d44>:0 
  at Unity.MLAgents.Agent.EndEpisodeAndReset (Unity.MLAgents.Agent+DoneReason reason) [0x00000] in <67f1ccaba5714c0a9cce475e92d92d44>:0 
  at Unity.MLAgents.Agent.EndEpisode () [0x00000] in <67f1ccaba5714c0a9cce475e92d92d44>:0 
  at AIPlayerAgent.FixedUpdate () [0x00021] in <dea5c900af994c378b72385dedf01688>:0 

NullReferenceException: Object reference not set to an instance of an object.
  at UnityEngine.Bindings.ThrowHelper.ThrowNullReferenceException (System.Object obj) [0x00018] in <6869b1608d104370ab4484f8f699b3fc>:0 
  at UnityEngine.Transform.get_position () [0x00006] in <6869b1608d104370ab4484f8f699b3fc>:0 
  at AIPlayerAgent.CollectObservations (Unity.MLAgents.Sensors.VectorSensor sensor) [0x0017f] in <dea5c900af994c378b72385dedf01688>:0 
  at Unity.MLAgents.Agent.NotifyAgentDone (Unity.MLAgents.Agent+DoneReason doneReason) [0x0007f] in <67f1ccaba5714c0a9cce475e92d92d44>:0 
  at Unity.MLAgents.Agent.EndEpisodeAndReset (Unity.MLAgents.Agent+DoneReason reason) [0x00000] in <67f1ccaba5714c0a9cce475e92d92d44>:0 
  at Unity.MLAgents.Agent.EndEpisode () [0x00000] in <67f1ccaba5714c0a9cce475e92d92d44>:0 
  at AIPlayerAgent.FixedUpdate () [0x00021] in <dea5c900af994c378b72385dedf01688>:0 

NullReferenceException: Object reference not set to an instance of an object.
  at UnityEngine.Bindings.ThrowHelper.ThrowNullReferenceException (System.Object obj) [0x00018] in <6869b1608d104370ab4484f8f699b3fc>:0 
  at UnityEngine.Transform.get_position () [0x00006] in <6869b1608d104370ab4484f8f699b3fc>:0 
  at AIPlayerAgent.CollectObservations (Unity.MLAgents.Sensors.VectorSensor sensor) [0x0017f] in <dea5c900af994c378b72385dedf01688>:0 
  at Unity.MLAgents.Agent.NotifyAgentDone (Unity.MLAgents.Agent+DoneReason doneReason) [0x0007f] in <67f1ccaba5714c0a9cce475e92d92d44>:0 
  at Unity.MLAgents.Agent.EndEpisodeAndReset (Unity.MLAgents.Agent+DoneReason reason) [0x00000] in <67f1ccaba5714c0a9cce475e92d92d44>:0 
  at Unity.MLAgents.Agent.EndEpisode () [0x00000] in <67f1ccaba5714c0a9cce475e92d92d44>:0 
  at AIPlayerAgent.FixedUpdate () [0x00021] in <dea5c900af994c378b72385dedf01688>:0 

NullReferenceException: Object reference not set to an instance of an object.
  at UnityEngine.Bindings.ThrowHelper.ThrowNullReferenceException (System.Object obj) [0x00018] in <6869b1608d104370ab4484f8f699b3fc>:0 
  at UnityEngine.Transform.get_position () [0x00006] in <6869b1608d104370ab4484f8f699b3fc>:0 
  at AIPlayerAgent.CollectObservations (Unity.MLAgents.Sensors.VectorSensor sensor) [0x0017f] in <dea5c900af994c378b72385dedf01688>:0 
  at Unity.MLAgents.Agent.NotifyAgentDone (Unity.MLAgents.Agent+DoneReason doneReason) [0x0007f] in <67f1ccaba5714c0a9cce475e92d92d44>:0 
  at Unity.MLAgents.Agent.EndEpisodeAndReset (Unity.MLAgents.Agent+DoneReason reason) [0x00000] in <67f1ccaba5714c0a9cce475e92d92d44>:0 
  at Unity.MLAgents.Agent.EndEpisode () [0x00000] in <67f1ccaba5714c0a9cce475e92d92d44>:0 
  at AIPlayerAgent.FixedUpdate () [0x00021] in <dea5c900af994c378b72385dedf01688>:0 

NullReferenceException: Object reference not set to an instance of an object.
  at UnityEngine.Bindings.ThrowHelper.ThrowNullReferenceException (System.Object obj) [0x00018] in <6869b1608d104370ab4484f8f699b3fc>:0 
  at UnityEngine.Transform.get_position () [0x00006] in <6869b1608d104370ab4484f8f699b3fc>:0 
  at AIPlayerAgent.CollectObservations (Unity.MLAgents.Sensors.VectorSensor sensor) [0x0017f] in <dea5c900af994c378b72385dedf01688>:0 
  at Unity.MLAgents.Agent.SendInfoToBrain () [0x0006e] in <67f1ccaba5714c0a9cce475e92d92d44>:0 
  at Unity.MLAgents.Agent.SendInfo () [0x00008] in <67f1ccaba5714c0a9cce475e92d92d44>:0 
  at (wrapper delegate-invoke) <Module>.invoke_void()
  at Unity.MLAgents.Academy.EnvironmentStep () [0x00078] in <67f1ccaba5714c0a9cce475e92d92d44>:0 
  at Unity.MLAgents.AcademyFixedUpdateStepper.FixedUpdate () [0x00025] in <67f1ccaba5714c0a9cce475e92d92d44>:0 

NullReferenceException: Object reference not set to an instance of an object.
  at UnityEngine.Bindings.ThrowHelper.ThrowNullReferenceException (System.Object obj) [0x00018] in <6869b1608d104370ab4484f8f699b3fc>:0 
  at UnityEngine.Transform.get_position () [0x00006] in <6869b1608d104370ab4484f8f699b3fc>:0 
  at AIPlayerAgent.CollectObservations (Unity.MLAgents.Sensors.VectorSensor sensor) [0x0017f] in <dea5c900af994c378b72385dedf01688>:0 
  at Unity.MLAgents.Agent.NotifyAgentDone (Unity.MLAgents.Agent+DoneReason doneReason) [0x0007f] in <67f1ccaba5714c0a9cce475e92d92d44>:0 
  at Unity.MLAgents.Agent.EndEpisodeAndReset (Unity.MLAgents.Agent+DoneReason reason) [0x00000] in <67f1ccaba5714c0a9cce475e92d92d44>:0 
  at Unity.MLAgents.Agent.EndEpisode () [0x00000] in <67f1ccaba5714c0a9cce475e92d92d44>:0 
  at AIPlayerAgent.FixedUpdate () [0x00021] in <dea5c900af994c378b72385dedf01688>:0 

NullReferenceException: Object reference not set to an instance of an object.
  at UnityEngine.Bindings.ThrowHelper.ThrowNullReferenceException (System.Object obj) [0x00018] in <6869b1608d104370ab4484f8f699b3fc>:0 
  at UnityEngine.Transform.get_position () [0x00006] in <6869b1608d104370ab4484f8f699b3fc>:0 
  at AIPlayerAgent.CollectObservations (Unity.MLAgents.Sensors.VectorSensor sensor) [0x0017f] in <dea5c900af994c378b72385dedf01688>:0 
  at Unity.MLAgents.Agent.NotifyAgentDone (Unity.MLAgents.Agent+DoneReason doneReason) [0x0007f] in <67f1ccaba5714c0a9cce475e92d92d44>:0 
  at Unity.MLAgents.Agent.EndEpisodeAndReset (Unity.MLAgents.Agent+DoneReason reason) [0x00000] in <67f1ccaba5714c0a9cce475e92d92d44>:0 
  at Unity.MLAgents.Agent.EndEpisode () [0x00000] in <67f1ccaba5714c0a9cce475e92d92d44>:0 
  at AIPlayerAgent.FixedUpdate () [0x00021] in <dea5c900af994c378b72385dedf01688>:0 

NullReferenceException: Object reference not set to an instance of an object.
  at UnityEngine.Bindings.ThrowHelper.ThrowNullReferenceException (System.Object obj) [0x00018] in <6869b1608d104370ab4484f8f699b3fc>:0 
  at UnityEngine.Transform.get_position () [0x00006] in <6869b1608d104370ab4484f8f699b3fc>:0 
  at AIPlayerAgent.CollectObservations (Unity.MLAgents.Sensors.VectorSensor sensor) [0x0017f] in <dea5c900af994c378b72385dedf01688>:0 
  at Unity.MLAgents.Agent.NotifyAgentDone (Unity.MLAgents.Agent+DoneReason doneReason) [0x0007f] in <67f1ccaba5714c0a9cce475e92d92d44>:0 
  at Unity.MLAgents.Agent.EndEpisodeAndReset (Unity.MLAgents.Agent+DoneReason reason) [0x00000] in <67f1ccaba5714c0a9cce475e92d92d44>:0 
  at Unity.MLAgents.Agent.EndEpisode () [0x00000] in <67f1ccaba5714c0a9cce475e92d92d44>:0 
  at AIPlayerAgent.FixedUpdate () [0x00021] in <dea5c900af994c378b72385dedf01688>:0 

NullReferenceException: Object reference not set to an instance of an object.
  at UnityEngine.Bindings.ThrowHelper.ThrowNullReferenceException (System.Object obj) [0x00018] in <6869b1608d104370ab4484f8f699b3fc>:0 
  at UnityEngine.Transform.get_position () [0x00006] in <6869b1608d104370ab4484f8f699b3fc>:0 
  at AIPlayerAgent.CollectObservations (Unity.MLAgents.Sensors.VectorSensor sensor) [0x0017f] in <dea5c900af994c378b72385dedf01688>:0 
  at Unity.MLAgents.Agent.NotifyAgentDone (Unity.MLAgents.Agent+DoneReason doneReason) [0x0007f] in <67f1ccaba5714c0a9cce475e92d92d44>:0 
  at Unity.MLAgents.Agent.EndEpisodeAndReset (Unity.MLAgents.Agent+DoneReason reason) [0x00000] in <67f1ccaba5714c0a9cce475e92d92d44>:0 
  at Unity.MLAgents.Agent.EndEpisode () [0x00000] in <67f1ccaba5714c0a9cce475e92d92d44>:0 
  at AIPlayerAgent.FixedUpdate () [0x00021] in <dea5c900af994c378b72385dedf01688>:0 

NullReferenceException: Object reference not set to an instance of an object.
  at UnityEngine.Bindings.ThrowHelper.ThrowNullReferenceException (System.Object obj) [0x00018] in <6869b1608d104370ab4484f8f699b3fc>:0 
  at UnityEngine.Transform.get_position () [0x00006] in <6869b1608d104370ab4484f8f699b3fc>:0 
  at AIPlayerAgent.CollectObservations (Unity.MLAgents.Sensors.VectorSensor sensor) [0x0017f] in <dea5c900af994c378b72385dedf01688>:0 
  at Unity.MLAgents.Agent.SendInfoToBrain () [0x0006e] in <67f1ccaba5714c0a9cce475e92d92d44>:0 
  at Unity.MLAgents.Agent.SendInfo () [0x00008] in <67f1ccaba5714c0a9cce475e92d92d44>:0 
  at (wrapper delegate-invoke) <Module>.invoke_void()
  at Unity.MLAgents.Academy.EnvironmentStep () [0x00078] in <67f1ccaba5714c0a9cce475e92d92d44>:0 
  at Unity.MLAgents.AcademyFixedUpdateStepper.FixedUpdate () [0x00025] in <67f1ccaba5714c0a9cce475e92d92d44>:0 

NullReferenceException: Object reference not set to an instance of an object.
  at UnityEngine.Bindings.ThrowHelper.ThrowNullReferenceException (System.Object obj) [0x00018] in <6869b1608d104370ab4484f8f699b3fc>:0 
  at UnityEngine.Transform.get_position () [0x00006] in <6869b1608d104370ab4484f8f699b3fc>:0 
  at AIPlayerAgent.CollectObservations (Unity.MLAgents.Sensors.VectorSensor sensor) [0x0017f] in <dea5c900af994c378b72385dedf01688>:0 
  at Unity.MLAgents.Agent.NotifyAgentDone (Unity.MLAgents.Agent+DoneReason doneReason) [0x0007f] in <67f1ccaba5714c0a9cce475e92d92d44>:0 
  at Unity.MLAgents.Agent.EndEpisodeAndReset (Unity.MLAgents.Agent+DoneReason reason) [0x00000] in <67f1ccaba5714c0a9cce475e92d92d44>:0 
  at Unity.MLAgents.Agent.EndEpisode () [0x00000] in <67f1ccaba5714c0a9cce475e92d92d44>:0 
  at AIPlayerAgent.FixedUpdate () [0x00021] in <dea5c900af994c378b72385dedf01688>:0 

NullReferenceException: Object reference not set to an instance of an object.
  at UnityEngine.Bindings.ThrowHelper.ThrowNullReferenceException (System.Object obj) [0x00018] in <6869b1608d104370ab4484f8f699b3fc>:0 
  at UnityEngine.Transform.get_position () [0x00006] in <6869b1608d104370ab4484f8f699b3fc>:0 
  at AIPlayerAgent.CollectObservations (Unity.MLAgents.Sensors.VectorSensor sensor) [0x0017f] in <dea5c900af994c378b72385dedf01688>:0 
  at Unity.MLAgents.Agent.SendInfoToBrain () [0x0006e] in <67f1ccaba5714c0a9cce475e92d92d44>:0 
  at Unity.MLAgents.Agent.SendInfo () [0x00008] in <67f1ccaba5714c0a9cce475e92d92d44>:0 
  at (wrapper delegate-invoke) <Module>.invoke_void()
  at Unity.MLAgents.Academy.EnvironmentStep () [0x00078] in <67f1ccaba5714c0a9cce475e92d92d44>:0 
  at Unity.MLAgents.AcademyFixedUpdateStepper.FixedUpdate () [0x00025] in <67f1ccaba5714c0a9cce475e92d92d44>:0 

NullReferenceException: Object reference not set to an instance of an object.
  at UnityEngine.Bindings.ThrowHelper.ThrowNullReferenceException (System.Object obj) [0x00018] in <6869b1608d104370ab4484f8f699b3fc>:0 
  at UnityEngine.Transform.get_position () [0x00006] in <6869b1608d104370ab4484f8f699b3fc>:0 
  at AIPlayerAgent.CollectObservations (Unity.MLAgents.Sensors.VectorSensor sensor) [0x0017f] in <dea5c900af994c378b72385dedf01688>:0 
  at Unity.MLAgents.Agent.NotifyAgentDone (Unity.MLAgents.Agent+DoneReason doneReason) [0x0007f] in <67f1ccaba5714c0a9cce475e92d92d44>:0 
  at Unity.MLAgents.Agent.EndEpisodeAndReset (Unity.MLAgents.Agent+DoneReason reason) [0x00000] in <67f1ccaba5714c0a9cce475e92d92d44>:0 
  at Unity.MLAgents.Agent.EndEpisode () [0x00000] in <67f1ccaba5714c0a9cce475e92d92d44>:0 
  at AIPlayerAgent.FixedUpdate () [0x00021] in <dea5c900af994c378b72385dedf01688>:0 

NullReferenceException: Object reference not set to an instance of an object.
  at UnityEngine.Bindings.ThrowHelper.ThrowNullReferenceException (System.Object obj) [0x00018] in <6869b1608d104370ab4484f8f699b3fc>:0 
  at UnityEngine.Transform.get_position () [0x00006] in <6869b1608d104370ab4484f8f699b3fc>:0 
  at AIPlayerAgent.CollectObservations (Unity.MLAgents.Sensors.VectorSensor sensor) [0x0017f] in <dea5c900af994c378b72385dedf01688>:0 
  at Unity.MLAgents.Agent.NotifyAgentDone (Unity.MLAgents.Agent+DoneReason doneReason) [0x0007f] in <67f1ccaba5714c0a9cce475e92d92d44>:0 
  at Unity.MLAgents.Agent.EndEpisodeAndReset (Unity.MLAgents.Agent+DoneReason reason) [0x00000] in <67f1ccaba5714c0a9cce475e92d92d44>:0 
  at Unity.MLAgents.Agent.EndEpisode () [0x00000] in <67f1ccaba5714c0a9cce475e92d92d44>:0 
  at AIPlayerAgent.FixedUpdate () [0x00021] in <dea5c900af994c378b72385dedf01688>:0 

NullReferenceException: Object reference not set to an instance of an object.
  at UnityEngine.Bindings.ThrowHelper.ThrowNullReferenceException (System.Object obj) [0x00018] in <6869b1608d104370ab4484f8f699b3fc>:0 
  at UnityEngine.Transform.get_position () [0x00006] in <6869b1608d104370ab4484f8f699b3fc>:0 
  at AIPlayerAgent.CollectObservations (Unity.MLAgents.Sensors.VectorSensor sensor) [0x0017f] in <dea5c900af994c378b72385dedf01688>:0 
  at Unity.MLAgents.Agent.NotifyAgentDone (Unity.MLAgents.Agent+DoneReason doneReason) [0x0007f] in <67f1ccaba5714c0a9cce475e92d92d44>:0 
  at Unity.MLAgents.Agent.EndEpisodeAndReset (Unity.MLAgents.Agent+DoneReason reason) [0x00000] in <67f1ccaba5714c0a9cce475e92d92d44>:0 
  at Unity.MLAgents.Agent.EndEpisode () [0x00000] in <67f1ccaba5714c0a9cce475e92d92d44>:0 
  at AIPlayerAgent.FixedUpdate () [0x00021] in <dea5c900af994c378b72385dedf01688>:0 

NullReferenceException: Object reference not set to an instance of an object.
  at UnityEngine.Bindings.ThrowHelper.ThrowNullReferenceException (System.Object obj) [0x00018] in <6869b1608d104370ab4484f8f699b3fc>:0 
  at UnityEngine.Transform.get_position () [0x00006] in <6869b1608d104370ab4484f8f699b3fc>:0 
  at AIPlayerAgent.CollectObservations (Unity.MLAgents.Sensors.VectorSensor sensor) [0x0017f] in <dea5c900af994c378b72385dedf01688>:0 
  at Unity.MLAgents.Agent.NotifyAgentDone (Unity.MLAgents.Agent+DoneReason doneReason) [0x0007f] in <67f1ccaba5714c0a9cce475e92d92d44>:0 
  at Unity.MLAgents.Agent.EndEpisodeAndReset (Unity.MLAgents.Agent+DoneReason reason) [0x00000] in <67f1ccaba5714c0a9cce475e92d92d44>:0 
  at Unity.MLAgents.Agent.EndEpisode () [0x00000] in <67f1ccaba5714c0a9cce475e92d92d44>:0 
  at AIPlayerAgent.FixedUpdate () [0x00021] in <dea5c900af994c378b72385dedf01688>:0 

NullReferenceException: Object reference not set to an instance of an object.
  at UnityEngine.Bindings.ThrowHelper.ThrowNullReferenceException (System.Object obj) [0x00018] in <6869b1608d104370ab4484f8f699b3fc>:0 
  at UnityEngine.Transform.get_position () [0x00006] in <6869b1608d104370ab4484f8f699b3fc>:0 
  at AIPlayerAgent.CollectObservations (Unity.MLAgents.Sensors.VectorSensor sensor) [0x0017f] in <dea5c900af994c378b72385dedf01688>:0 
  at Unity.MLAgents.Agent.NotifyAgentDone (Unity.MLAgents.Agent+DoneReason doneReason) [0x0007f] in <67f1ccaba5714c0a9cce475e92d92d44>:0 
  at Unity.MLAgents.Agent.EndEpisodeAndReset (Unity.MLAgents.Agent+DoneReason reason) [0x00000] in <67f1ccaba5714c0a9cce475e92d92d44>:0 
  at Unity.MLAgents.Agent.EndEpisode () [0x00000] in <67f1ccaba5714c0a9cce475e92d92d44>:0 
  at AIPlayerAgent.FixedUpdate () [0x00021] in <dea5c900af994c378b72385dedf01688>:0 

NullReferenceException: Object reference not set to an instance of an object.
  at UnityEngine.Bindings.ThrowHelper.ThrowNullReferenceException (System.Object obj) [0x00018] in <6869b1608d104370ab4484f8f699b3fc>:0 
  at UnityEngine.Transform.get_position () [0x00006] in <6869b1608d104370ab4484f8f699b3fc>:0 
  at AIPlayerAgent.CollectObservations (Unity.MLAgents.Sensors.VectorSensor sensor) [0x0017f] in <dea5c900af994c378b72385dedf01688>:0 
  at Unity.MLAgents.Agent.SendInfoToBrain () [0x0006e] in <67f1ccaba5714c0a9cce475e92d92d44>:0 
  at Unity.MLAgents.Agent.SendInfo () [0x00008] in <67f1ccaba5714c0a9cce475e92d92d44>:0 
  at (wrapper delegate-invoke) <Module>.invoke_void()
  at Unity.MLAgents.Academy.EnvironmentStep () [0x00078] in <67f1ccaba5714c0a9cce475e92d92d44>:0 
  at Unity.MLAgents.AcademyFixedUpdateStepper.FixedUpdate () [0x00025] in <67f1ccaba5714c0a9cce475e92d92d44>:0 

NullReferenceException: Object reference not set to an instance of an object.
  at UnityEngine.Bindings.ThrowHelper.ThrowNullReferenceException (System.Object obj) [0x00018] in <6869b1608d104370ab4484f8f699b3fc>:0 
  at UnityEngine.Transform.get_position () [0x00006] in <6869b1608d104370ab4484f8f699b3fc>:0 
  at AIPlayerAgent.CollectObservations (Unity.MLAgents.Sensors.VectorSensor sensor) [0x0017f] in <dea5c900af994c378b72385dedf01688>:0 
  at Unity.MLAgents.Agent.NotifyAgentDone (Unity.MLAgents.Agent+DoneReason doneReason) [0x0007f] in <67f1ccaba5714c0a9cce475e92d92d44>:0 
  at Unity.MLAgents.Agent.EndEpisodeAndReset (Unity.MLAgents.Agent+DoneReason reason) [0x00000] in <67f1ccaba5714c0a9cce475e92d92d44>:0 
  at Unity.MLAgents.Agent.EndEpisode () [0x00000] in <67f1ccaba5714c0a9cce475e92d92d44>:0 
  at AIPlayerAgent.FixedUpdate () [0x00021] in <dea5c900af994c378b72385dedf01688>:0 

NullReferenceException: Object reference not set to an instance of an object.
  at UnityEngine.Bindings.ThrowHelper.ThrowNullReferenceException (System.Object obj) [0x00018] in <6869b1608d104370ab4484f8f699b3fc>:0 
  at UnityEngine.Transform.get_position () [0x00006] in <6869b1608d104370ab4484f8f699b3fc>:0 
  at AIPlayerAgent.CollectObservations (Unity.MLAgents.Sensors.VectorSensor sensor) [0x0017f] in <dea5c900af994c378b72385dedf01688>:0 
  at Unity.MLAgents.Agent.NotifyAgentDone (Unity.MLAgents.Agent+DoneReason doneReason) [0x0007f] in <67f1ccaba5714c0a9cce475e92d92d44>:0 
  at Unity.MLAgents.Agent.EndEpisodeAndReset (Unity.MLAgents.Agent+DoneReason reason) [0x00000] in <67f1ccaba5714c0a9cce475e92d92d44>:0 
  at Unity.MLAgents.Agent.EndEpisode () [0x00000] in <67f1ccaba5714c0a9cce475e92d92d44>:0 
  at AIPlayerAgent.FixedUpdate () [0x00021] in <dea5c900af994c378b72385dedf01688>:0 

NullReferenceException: Object reference not set to an instance of an object.
  at UnityEngine.Bindings.ThrowHelper.ThrowNullReferenceException (System.Object obj) [0x00018] in <6869b1608d104370ab4484f8f699b3fc>:0 
  at UnityEngine.Transform.get_position () [0x00006] in <6869b1608d104370ab4484f8f699b3fc>:0 
  at AIPlayerAgent.CollectObservations (Unity.MLAgents.Sensors.VectorSensor sensor) [0x0017f] in <dea5c900af994c378b72385dedf01688>:0 
  at Unity.MLAgents.Agent.NotifyAgentDone (Unity.MLAgents.Agent+DoneReason doneReason) [0x0007f] in <67f1ccaba5714c0a9cce475e92d92d44>:0 
  at Unity.MLAgents.Agent.EndEpisodeAndReset (Unity.MLAgents.Agent+DoneReason reason) [0x00000] in <67f1ccaba5714c0a9cce475e92d92d44>:0 
  at Unity.MLAgents.Agent.EndEpisode () [0x00000] in <67f1ccaba5714c0a9cce475e92d92d44>:0 
  at AIPlayerAgent.FixedUpdate () [0x00021] in <dea5c900af994c378b72385dedf01688>:0 

NullReferenceException: Object reference not set to an instance of an object.
  at UnityEngine.Bindings.ThrowHelper.ThrowNullReferenceException (System.Object obj) [0x00018] in <6869b1608d104370ab4484f8f699b3fc>:0 
  at UnityEngine.Transform.get_position () [0x00006] in <6869b1608d104370ab4484f8f699b3fc>:0 
  at AIPlayerAgent.CollectObservations (Unity.MLAgents.Sensors.VectorSensor sensor) [0x0017f] in <dea5c900af994c378b72385dedf01688>:0 
  at Unity.MLAgents.Agent.NotifyAgentDone (Unity.MLAgents.Agent+DoneReason doneReason) [0x0007f] in <67f1ccaba5714c0a9cce475e92d92d44>:0 
  at Unity.MLAgents.Agent.EndEpisodeAndReset (Unity.MLAgents.Agent+DoneReason reason) [0x00000] in <67f1ccaba5714c0a9cce475e92d92d44>:0 
  at Unity.MLAgents.Agent.EndEpisode () [0x00000] in <67f1ccaba5714c0a9cce475e92d92d44>:0 
  at AIPlayerAgent.FixedUpdate () [0x00021] in <dea5c900af994c378b72385dedf01688>:0 

NullReferenceException: Object reference not set to an instance of an object.
  at UnityEngine.Bindings.ThrowHelper.ThrowNullReferenceException (System.Object obj) [0x00018] in <6869b1608d104370ab4484f8f699b3fc>:0 
  at UnityEngine.Transform.get_position () [0x00006] in <6869b1608d104370ab4484f8f699b3fc>:0 
  at AIPlayerAgent.CollectObservations (Unity.MLAgents.Sensors.VectorSensor sensor) [0x0017f] in <dea5c900af994c378b72385dedf01688>:0 
  at Unity.MLAgents.Agent.NotifyAgentDone (Unity.MLAgents.Agent+DoneReason doneReason) [0x0007f] in <67f1ccaba5714c0a9cce475e92d92d44>:0 
  at Unity.MLAgents.Agent.EndEpisodeAndReset (Unity.MLAgents.Agent+DoneReason reason) [0x00000] in <67f1ccaba5714c0a9cce475e92d92d44>:0 
  at Unity.MLAgents.Agent.EndEpisode () [0x00000] in <67f1ccaba5714c0a9cce475e92d92d44>:0 
  at AIPlayerAgent.FixedUpdate () [0x00021] in <dea5c900af994c378b72385dedf01688>:0 

NullReferenceException: Object reference not set to an instance of an object.
  at UnityEngine.Bindings.ThrowHelper.ThrowNullReferenceException (System.Object obj) [0x00018] in <6869b1608d104370ab4484f8f699b3fc>:0 
  at UnityEngine.Transform.get_position () [0x00006] in <6869b1608d104370ab4484f8f699b3fc>:0 
  at AIPlayerAgent.CollectObservations (Unity.MLAgents.Sensors.VectorSensor sensor) [0x0017f] in <dea5c900af994c378b72385dedf01688>:0 
  at Unity.MLAgents.Agent.NotifyAgentDone (Unity.MLAgents.Agent+DoneReason doneReason) [0x0007f] in <67f1ccaba5714c0a9cce475e92d92d44>:0 
  at Unity.MLAgents.Agent.EndEpisodeAndReset (Unity.MLAgents.Agent+DoneReason reason) [0x00000] in <67f1ccaba5714c0a9cce475e92d92d44>:0 
  at Unity.MLAgents.Agent.EndEpisode () [0x00000] in <67f1ccaba5714c0a9cce475e92d92d44>:0 
  at AIPlayerAgent.FixedUpdate () [0x00021] in <dea5c900af994c378b72385dedf01688>:0 

NullReferenceException: Object reference not set to an instance of an object.
  at UnityEngine.Bindings.ThrowHelper.ThrowNullReferenceException (System.Object obj) [0x00018] in <6869b1608d104370ab4484f8f699b3fc>:0 
  at UnityEngine.Transform.get_position () [0x00006] in <6869b1608d104370ab4484f8f699b3fc>:0 
  at AIPlayerAgent.CollectObservations (Unity.MLAgents.Sensors.VectorSensor sensor) [0x0017f] in <dea5c900af994c378b72385dedf01688>:0 
  at Unity.MLAgents.Agent.SendInfoToBrain () [0x0006e] in <67f1ccaba5714c0a9cce475e92d92d44>:0 
  at Unity.MLAgents.Agent.SendInfo () [0x00008] in <67f1ccaba5714c0a9cce475e92d92d44>:0 
  at (wrapper delegate-invoke) <Module>.invoke_void()
  at Unity.MLAgents.Academy.EnvironmentStep () [0x00078] in <67f1ccaba5714c0a9cce475e92d92d44>:0 
  at Unity.MLAgents.AcademyFixedUpdateStepper.FixedUpdate () [0x00025] in <67f1ccaba5714c0a9cce475e92d92d44>:0 

[Physics::Module] Cleanup current backned.
[Physics::Module] Id: 0xf2b8ea05
Input System module state changed to: ShutdownInProgress.
Input System polling thread exited.
Input System module state changed to: Shutdown.
